2025-09-04 09:13:06 [main] INFO  com.healthcare.MinimalApp - Starting MinimalApp v1.1.0-SNAPSHOT using Java 17.0.9 with PID 1485 (/Users/pereozogu/healthcare-qr-sharing/target/healthcare-qr-sharing-1.1.0-SNAPSHOT.jar started by pereozogu in /Users/pereozogu/healthcare-qr-sharing)
2025-09-04 09:13:06 [main] DEBUG com.healthcare.MinimalApp - Running with Spring Boot v3.1.12, Spring v6.0.21
2025-09-04 09:13:06 [main] INFO  com.healthcare.MinimalApp - No active profile set, falling back to 1 default profile: "default"
2025-09-04 09:13:08 [main] INFO  o.s.b.w.e.tomcat.TomcatWebServer - Tomcat initialized with port(s): 8080 (http)
2025-09-04 09:13:08 [main] INFO  o.a.catalina.core.StandardService - Starting service [Tomcat]
2025-09-04 09:13:08 [main] INFO  o.a.catalina.core.StandardEngine - Starting Servlet engine: [Apache Tomcat/10.1.24]
2025-09-04 09:13:08 [main] INFO  o.a.c.c.C.[Tomcat].[localhost].[/] - Initializing Spring embedded WebApplicationContext
2025-09-04 09:13:08 [main] INFO  o.s.b.w.s.c.ServletWebServerApplicationContext - Root WebApplicationContext: initialization completed in 2697 ms
2025-09-04 09:13:09 [main] INFO  o.s.b.a.w.s.WelcomePageHandlerMapping - Adding welcome page template: index
2025-09-04 09:13:09 [main] INFO  o.s.b.w.e.tomcat.TomcatWebServer - Tomcat started on port(s): 8080 (http) with context path ''
2025-09-04 09:13:10 [main] INFO  com.healthcare.MinimalApp - Started MinimalApp in 5.24 seconds (process running for 6.287)
2025-09-04 09:14:58 [http-nio-8080-exec-1] INFO  o.a.c.c.C.[Tomcat].[localhost].[/] - Initializing Spring DispatcherServlet 'dispatcherServlet'
2025-09-04 09:14:58 [http-nio-8080-exec-1] INFO  o.s.web.servlet.DispatcherServlet - Initializing Servlet 'dispatcherServlet'
2025-09-04 09:14:58 [http-nio-8080-exec-1] INFO  o.s.web.servlet.DispatcherServlet - Completed initialization in 11 ms
2025-09-04 10:15:06 [main] INFO  com.healthcare.MinimalApp - Starting MinimalApp v1.1.0-SNAPSHOT using Java 17.0.9 with PID 50337 (/Users/pereozogu/healthcare-qr-sharing/target/healthcare-qr-sharing-1.1.0-SNAPSHOT.jar started by pereozogu in /Users/pereozogu/healthcare-qr-sharing)
2025-09-04 10:15:06 [main] DEBUG com.healthcare.MinimalApp - Running with Spring Boot v3.1.12, Spring v6.0.21
2025-09-04 10:15:06 [main] INFO  com.healthcare.MinimalApp - No active profile set, falling back to 1 default profile: "default"
2025-09-04 10:15:10 [main] INFO  o.s.b.w.e.tomcat.TomcatWebServer - Tomcat initialized with port(s): 8080 (http)
2025-09-04 10:15:10 [main] INFO  o.a.catalina.core.StandardService - Starting service [Tomcat]
2025-09-04 10:15:10 [main] INFO  o.a.catalina.core.StandardEngine - Starting Servlet engine: [Apache Tomcat/10.1.24]
2025-09-04 10:15:10 [main] INFO  o.a.c.c.C.[Tomcat].[localhost].[/] - Initializing Spring embedded WebApplicationContext
2025-09-04 10:15:10 [main] INFO  o.s.b.w.s.c.ServletWebServerApplicationContext - Root WebApplicationContext: initialization completed in 3799 ms
2025-09-04 10:15:10 [main] WARN  o.s.b.w.s.c.AnnotationConfigServletWebServerApplicationContext - Exception encountered during context initialization - cancelling refresh attempt: org.springframework.beans.factory.UnsatisfiedDependencyException: Error creating bean with name 'consentController' defined in URL [jar:file:/Users/pereozogu/healthcare-qr-sharing/target/healthcare-qr-sharing-1.1.0-SNAPSHOT.jar!/BOOT-INF/classes!/com/healthcare/controller/ConsentController.class]: Unsatisfied dependency expressed through constructor parameter 0: Error creating bean with name 'consentService' defined in URL [jar:file:/Users/pereozogu/healthcare-qr-sharing/target/healthcare-qr-sharing-1.1.0-SNAPSHOT.jar!/BOOT-INF/classes!/com/healthcare/service/ConsentService.class]: Unsatisfied dependency expressed through constructor parameter 0: No qualifying bean of type 'com.healthcare.repository.ConsentRepository' available: expected at least 1 bean which qualifies as autowire candidate. Dependency annotations: {}
2025-09-04 10:15:10 [main] INFO  o.a.catalina.core.StandardService - Stopping service [Tomcat]
2025-09-04 10:15:10 [main] INFO  o.s.b.a.l.ConditionEvaluationReportLogger - 

Error starting ApplicationContext. To display the condition evaluation report re-run your application with 'debug' enabled.
2025-09-04 10:15:10 [main] ERROR o.s.b.d.LoggingFailureAnalysisReporter - 

***************************
APPLICATION FAILED TO START
***************************

Description:

Parameter 0 of constructor in com.healthcare.service.ConsentService required a bean of type 'com.healthcare.repository.ConsentRepository' that could not be found.


Action:

Consider defining a bean of type 'com.healthcare.repository.ConsentRepository' in your configuration.

2025-09-04 10:21:31 [main] INFO  com.healthcare.MinimalApp - Starting MinimalApp v1.1.0-SNAPSHOT using Java 17.0.9 with PID 55575 (/Users/pereozogu/healthcare-qr-sharing/target/healthcare-qr-sharing-1.1.0-SNAPSHOT.jar started by pereozogu in /Users/pereozogu/healthcare-qr-sharing)
2025-09-04 10:21:31 [main] DEBUG com.healthcare.MinimalApp - Running with Spring Boot v3.1.12, Spring v6.0.21
2025-09-04 10:21:31 [main] INFO  com.healthcare.MinimalApp - No active profile set, falling back to 1 default profile: "default"
2025-09-04 10:21:35 [main] INFO  o.s.b.w.e.tomcat.TomcatWebServer - Tomcat initialized with port(s): 8080 (http)
2025-09-04 10:21:35 [main] INFO  o.a.catalina.core.StandardService - Starting service [Tomcat]
2025-09-04 10:21:35 [main] INFO  o.a.catalina.core.StandardEngine - Starting Servlet engine: [Apache Tomcat/10.1.24]
2025-09-04 10:21:35 [main] INFO  o.a.c.c.C.[Tomcat].[localhost].[/] - Initializing Spring embedded WebApplicationContext
2025-09-04 10:21:35 [main] INFO  o.s.b.w.s.c.ServletWebServerApplicationContext - Root WebApplicationContext: initialization completed in 3670 ms
2025-09-04 10:21:35 [main] WARN  o.s.b.w.s.c.AnnotationConfigServletWebServerApplicationContext - Exception encountered during context initialization - cancelling refresh attempt: org.springframework.beans.factory.UnsatisfiedDependencyException: Error creating bean with name 'consentController' defined in URL [jar:file:/Users/pereozogu/healthcare-qr-sharing/target/healthcare-qr-sharing-1.1.0-SNAPSHOT.jar!/BOOT-INF/classes!/com/healthcare/controller/ConsentController.class]: Unsatisfied dependency expressed through constructor parameter 0: Error creating bean with name 'consentService' defined in URL [jar:file:/Users/pereozogu/healthcare-qr-sharing/target/healthcare-qr-sharing-1.1.0-SNAPSHOT.jar!/BOOT-INF/classes!/com/healthcare/service/ConsentService.class]: Unsatisfied dependency expressed through constructor parameter 0: No qualifying bean of type 'com.healthcare.repository.ConsentRepository' available: expected at least 1 bean which qualifies as autowire candidate. Dependency annotations: {}
2025-09-04 10:21:35 [main] INFO  o.a.catalina.core.StandardService - Stopping service [Tomcat]
2025-09-04 10:21:35 [main] INFO  o.s.b.a.l.ConditionEvaluationReportLogger - 

Error starting ApplicationContext. To display the condition evaluation report re-run your application with 'debug' enabled.
2025-09-04 10:21:35 [main] ERROR o.s.b.d.LoggingFailureAnalysisReporter - 

***************************
APPLICATION FAILED TO START
***************************

Description:

Parameter 0 of constructor in com.healthcare.service.ConsentService required a bean of type 'com.healthcare.repository.ConsentRepository' that could not be found.


Action:

Consider defining a bean of type 'com.healthcare.repository.ConsentRepository' in your configuration.

2025-09-04 10:23:24 [main] INFO  com.healthcare.MinimalApp - Starting MinimalApp v1.1.0-SNAPSHOT using Java 17.0.9 with PID 57374 (/Users/pereozogu/healthcare-qr-sharing/target/healthcare-qr-sharing-1.1.0-SNAPSHOT.jar started by pereozogu in /Users/pereozogu/healthcare-qr-sharing)
2025-09-04 10:23:24 [main] DEBUG com.healthcare.MinimalApp - Running with Spring Boot v3.1.12, Spring v6.0.21
2025-09-04 10:23:24 [main] INFO  com.healthcare.MinimalApp - No active profile set, falling back to 1 default profile: "default"
2025-09-04 10:23:28 [main] INFO  o.s.b.w.e.tomcat.TomcatWebServer - Tomcat initialized with port(s): 8080 (http)
2025-09-04 10:23:28 [main] INFO  o.a.catalina.core.StandardService - Starting service [Tomcat]
2025-09-04 10:23:28 [main] INFO  o.a.catalina.core.StandardEngine - Starting Servlet engine: [Apache Tomcat/10.1.24]
2025-09-04 10:23:28 [main] INFO  o.a.c.c.C.[Tomcat].[localhost].[/] - Initializing Spring embedded WebApplicationContext
2025-09-04 10:23:28 [main] INFO  o.s.b.w.s.c.ServletWebServerApplicationContext - Root WebApplicationContext: initialization completed in 3776 ms
2025-09-04 10:23:28 [main] WARN  o.s.b.w.s.c.AnnotationConfigServletWebServerApplicationContext - Exception encountered during context initialization - cancelling refresh attempt: org.springframework.beans.factory.UnsatisfiedDependencyException: Error creating bean with name 'consentController' defined in URL [jar:file:/Users/pereozogu/healthcare-qr-sharing/target/healthcare-qr-sharing-1.1.0-SNAPSHOT.jar!/BOOT-INF/classes!/com/healthcare/controller/ConsentController.class]: Unsatisfied dependency expressed through constructor parameter 0: Error creating bean with name 'consentService' defined in URL [jar:file:/Users/pereozogu/healthcare-qr-sharing/target/healthcare-qr-sharing-1.1.0-SNAPSHOT.jar!/BOOT-INF/classes!/com/healthcare/service/ConsentService.class]: Unsatisfied dependency expressed through constructor parameter 0: No qualifying bean of type 'com.healthcare.repository.ConsentRepository' available: expected at least 1 bean which qualifies as autowire candidate. Dependency annotations: {}
2025-09-04 10:23:28 [main] INFO  o.a.catalina.core.StandardService - Stopping service [Tomcat]
2025-09-04 10:23:28 [main] INFO  o.s.b.a.l.ConditionEvaluationReportLogger - 

Error starting ApplicationContext. To display the condition evaluation report re-run your application with 'debug' enabled.
2025-09-04 10:23:28 [main] ERROR o.s.b.d.LoggingFailureAnalysisReporter - 

***************************
APPLICATION FAILED TO START
***************************

Description:

Parameter 0 of constructor in com.healthcare.service.ConsentService required a bean of type 'com.healthcare.repository.ConsentRepository' that could not be found.


Action:

Consider defining a bean of type 'com.healthcare.repository.ConsentRepository' in your configuration.

2025-09-04 10:25:29 [main] INFO  com.healthcare.SimpleApp - Starting SimpleApp v1.1.0-SNAPSHOT using Java 17.0.9 with PID 59563 (/Users/pereozogu/healthcare-qr-sharing/target/healthcare-qr-sharing-1.1.0-SNAPSHOT.jar started by pereozogu in /Users/pereozogu/healthcare-qr-sharing)
2025-09-04 10:25:29 [main] DEBUG com.healthcare.SimpleApp - Running with Spring Boot v3.1.12, Spring v6.0.21
2025-09-04 10:25:29 [main] INFO  com.healthcare.SimpleApp - No active profile set, falling back to 1 default profile: "default"
2025-09-04 10:25:33 [main] INFO  o.s.b.w.e.tomcat.TomcatWebServer - Tomcat initialized with port(s): 8080 (http)
2025-09-04 10:25:33 [main] INFO  o.a.catalina.core.StandardService - Starting service [Tomcat]
2025-09-04 10:25:33 [main] INFO  o.a.catalina.core.StandardEngine - Starting Servlet engine: [Apache Tomcat/10.1.24]
2025-09-04 10:25:33 [main] INFO  o.a.c.c.C.[Tomcat].[localhost].[/] - Initializing Spring embedded WebApplicationContext
2025-09-04 10:25:33 [main] INFO  o.s.b.w.s.c.ServletWebServerApplicationContext - Root WebApplicationContext: initialization completed in 3239 ms
2025-09-04 10:25:33 [main] WARN  o.s.b.w.s.c.AnnotationConfigServletWebServerApplicationContext - Exception encountered during context initialization - cancelling refresh attempt: org.springframework.beans.factory.UnsatisfiedDependencyException: Error creating bean with name 'consentController' defined in URL [jar:file:/Users/pereozogu/healthcare-qr-sharing/target/healthcare-qr-sharing-1.1.0-SNAPSHOT.jar!/BOOT-INF/classes!/com/healthcare/controller/ConsentController.class]: Unsatisfied dependency expressed through constructor parameter 0: Error creating bean with name 'consentService' defined in URL [jar:file:/Users/pereozogu/healthcare-qr-sharing/target/healthcare-qr-sharing-1.1.0-SNAPSHOT.jar!/BOOT-INF/classes!/com/healthcare/service/ConsentService.class]: Unsatisfied dependency expressed through constructor parameter 0: No qualifying bean of type 'com.healthcare.repository.ConsentRepository' available: expected at least 1 bean which qualifies as autowire candidate. Dependency annotations: {}
2025-09-04 10:25:33 [main] INFO  o.a.catalina.core.StandardService - Stopping service [Tomcat]
2025-09-04 10:25:33 [main] INFO  o.s.b.a.l.ConditionEvaluationReportLogger - 

Error starting ApplicationContext. To display the condition evaluation report re-run your application with 'debug' enabled.
2025-09-04 10:25:33 [main] ERROR o.s.b.d.LoggingFailureAnalysisReporter - 

***************************
APPLICATION FAILED TO START
***************************

Description:

Parameter 0 of constructor in com.healthcare.service.ConsentService required a bean of type 'com.healthcare.repository.ConsentRepository' that could not be found.


Action:

Consider defining a bean of type 'com.healthcare.repository.ConsentRepository' in your configuration.

2025-09-04 10:51:03 [main] INFO  com.healthcare.SimpleApp - Starting SimpleApp v1.1.0-SNAPSHOT using Java 17.0.9 with PID 79593 (/Users/pereozogu/healthcare-qr-sharing/target/healthcare-qr-sharing-1.1.0-SNAPSHOT.jar started by pereozogu in /Users/pereozogu/healthcare-qr-sharing)
2025-09-04 10:51:03 [main] DEBUG com.healthcare.SimpleApp - Running with Spring Boot v3.1.12, Spring v6.0.21
2025-09-04 10:51:03 [main] INFO  com.healthcare.SimpleApp - No active profile set, falling back to 1 default profile: "default"
2025-09-04 10:51:06 [main] INFO  o.s.b.w.e.tomcat.TomcatWebServer - Tomcat initialized with port(s): 8080 (http)
2025-09-04 10:51:06 [main] INFO  o.a.catalina.core.StandardService - Starting service [Tomcat]
2025-09-04 10:51:06 [main] INFO  o.a.catalina.core.StandardEngine - Starting Servlet engine: [Apache Tomcat/10.1.24]
2025-09-04 10:51:06 [main] INFO  o.a.c.c.C.[Tomcat].[localhost].[/] - Initializing Spring embedded WebApplicationContext
2025-09-04 10:51:06 [main] INFO  o.s.b.w.s.c.ServletWebServerApplicationContext - Root WebApplicationContext: initialization completed in 2928 ms
2025-09-04 10:51:06 [main] INFO  o.s.b.a.w.s.WelcomePageHandlerMapping - Adding welcome page template: index
2025-09-04 10:51:07 [main] INFO  o.s.s.web.DefaultSecurityFilterChain - Will secure any request with [org.springframework.security.web.session.DisableEncodeUrlFilter@3c0fae6c, org.springframework.security.web.context.request.async.WebAsyncManagerIntegrationFilter@4c168660, org.springframework.security.web.context.SecurityContextHolderFilter@eb6449b, org.springframework.security.web.header.HeaderWriterFilter@545de5a4, org.springframework.web.filter.CorsFilter@52b56a3e, org.springframework.security.web.authentication.logout.LogoutFilter@1536602f, org.springframework.security.web.savedrequest.RequestCacheAwareFilter@180e6ac4, org.springframework.security.web.servletapi.SecurityContextHolderAwareRequestFilter@7e985ce9, org.springframework.security.web.authentication.AnonymousAuthenticationFilter@fd0e5b6, org.springframework.security.web.session.SessionManagementFilter@61526469, org.springframework.security.web.access.ExceptionTranslationFilter@21005f6c, org.springframework.security.web.access.intercept.AuthorizationFilter@2c1b9e4b]
2025-09-04 10:51:07 [main] INFO  o.s.b.w.e.tomcat.TomcatWebServer - Tomcat started on port(s): 8080 (http) with context path ''
2025-09-04 10:51:07 [main] INFO  com.healthcare.SimpleApp - Started SimpleApp in 5.959 seconds (process running for 6.966)
2025-09-04 11:12:54 [http-nio-8080-exec-1] INFO  o.a.c.c.C.[Tomcat].[localhost].[/] - Initializing Spring DispatcherServlet 'dispatcherServlet'
2025-09-04 11:12:54 [http-nio-8080-exec-1] INFO  o.s.web.servlet.DispatcherServlet - Initializing Servlet 'dispatcherServlet'
2025-09-04 11:12:54 [http-nio-8080-exec-1] INFO  o.s.web.servlet.DispatcherServlet - Completed initialization in 17 ms
2025-09-04 11:12:55 [http-nio-8080-exec-1] DEBUG o.s.security.web.FilterChainProxy - Securing GET /
2025-09-04 11:12:55 [http-nio-8080-exec-1] DEBUG o.s.s.w.a.AnonymousAuthenticationFilter - Set SecurityContextHolder to anonymous SecurityContext
2025-09-04 11:12:55 [http-nio-8080-exec-1] DEBUG o.s.security.web.FilterChainProxy - Secured GET /
2025-09-04 11:12:55 [http-nio-8080-exec-3] DEBUG o.s.security.web.FilterChainProxy - Securing GET /js/app.js
2025-09-04 11:12:55 [http-nio-8080-exec-2] DEBUG o.s.security.web.FilterChainProxy - Securing GET /css/custom.css
2025-09-04 11:12:55 [http-nio-8080-exec-3] DEBUG o.s.s.w.a.AnonymousAuthenticationFilter - Set SecurityContextHolder to anonymous SecurityContext
2025-09-04 11:12:55 [http-nio-8080-exec-2] DEBUG o.s.s.w.a.AnonymousAuthenticationFilter - Set SecurityContextHolder to anonymous SecurityContext
2025-09-04 11:12:55 [http-nio-8080-exec-3] DEBUG o.s.security.web.FilterChainProxy - Secured GET /js/app.js
2025-09-04 11:12:55 [http-nio-8080-exec-2] DEBUG o.s.security.web.FilterChainProxy - Secured GET /css/custom.css
2025-09-04 11:12:55 [http-nio-8080-exec-2] DEBUG o.s.security.web.FilterChainProxy - Securing GET /error
2025-09-04 11:12:55 [http-nio-8080-exec-2] DEBUG o.s.security.web.FilterChainProxy - Secured GET /error
2025-09-04 11:12:55 [http-nio-8080-exec-2] DEBUG o.s.s.w.a.AnonymousAuthenticationFilter - Set SecurityContextHolder to anonymous SecurityContext
2025-09-04 11:13:10 [http-nio-8080-exec-4] DEBUG o.s.security.web.FilterChainProxy - Securing POST /api/qr/generate
2025-09-04 11:13:10 [http-nio-8080-exec-4] DEBUG o.s.s.w.a.AnonymousAuthenticationFilter - Set SecurityContextHolder to anonymous SecurityContext
2025-09-04 11:13:10 [http-nio-8080-exec-4] DEBUG o.s.security.web.FilterChainProxy - Secured POST /api/qr/generate
2025-09-04 11:13:18 [http-nio-8080-exec-5] DEBUG o.s.security.web.FilterChainProxy - Securing GET /css/custom.css
2025-09-04 11:13:18 [http-nio-8080-exec-6] DEBUG o.s.security.web.FilterChainProxy - Securing GET /.well-known/appspecific/com.chrome.devtools.json
2025-09-04 11:13:18 [http-nio-8080-exec-5] DEBUG o.s.s.w.a.AnonymousAuthenticationFilter - Set SecurityContextHolder to anonymous SecurityContext
2025-09-04 11:13:18 [http-nio-8080-exec-6] DEBUG o.s.s.w.a.AnonymousAuthenticationFilter - Set SecurityContextHolder to anonymous SecurityContext
2025-09-04 11:13:18 [http-nio-8080-exec-5] DEBUG o.s.security.web.FilterChainProxy - Secured GET /css/custom.css
2025-09-04 11:13:18 [http-nio-8080-exec-6] DEBUG o.s.security.web.FilterChainProxy - Secured GET /.well-known/appspecific/com.chrome.devtools.json
2025-09-04 11:13:18 [http-nio-8080-exec-6] DEBUG o.s.security.web.FilterChainProxy - Securing GET /error
2025-09-04 11:13:18 [http-nio-8080-exec-5] DEBUG o.s.security.web.FilterChainProxy - Securing GET /error
2025-09-04 11:13:18 [http-nio-8080-exec-5] DEBUG o.s.security.web.FilterChainProxy - Secured GET /error
2025-09-04 11:13:18 [http-nio-8080-exec-6] DEBUG o.s.security.web.FilterChainProxy - Secured GET /error
2025-09-04 11:13:18 [http-nio-8080-exec-6] DEBUG o.s.s.w.a.AnonymousAuthenticationFilter - Set SecurityContextHolder to anonymous SecurityContext
2025-09-04 11:13:18 [http-nio-8080-exec-5] DEBUG o.s.s.w.a.AnonymousAuthenticationFilter - Set SecurityContextHolder to anonymous SecurityContext
2025-09-04 11:13:27 [http-nio-8080-exec-7] DEBUG o.s.security.web.FilterChainProxy - Securing DELETE /api/qr/session/session-1756998790374
2025-09-04 11:13:27 [http-nio-8080-exec-7] DEBUG o.s.s.w.a.AnonymousAuthenticationFilter - Set SecurityContextHolder to anonymous SecurityContext
2025-09-04 11:13:27 [http-nio-8080-exec-7] DEBUG o.s.security.web.FilterChainProxy - Secured DELETE /api/qr/session/session-1756998790374
2025-09-04 11:20:59 [http-nio-8080-exec-9] DEBUG o.s.security.web.FilterChainProxy - Securing POST /api/qr/generate
2025-09-04 11:20:59 [http-nio-8080-exec-9] DEBUG o.s.s.w.a.AnonymousAuthenticationFilter - Set SecurityContextHolder to anonymous SecurityContext
2025-09-04 11:20:59 [http-nio-8080-exec-9] DEBUG o.s.security.web.FilterChainProxy - Secured POST /api/qr/generate
2025-09-04 12:12:34 [http-nio-8080-exec-1] DEBUG o.s.security.web.FilterChainProxy - Securing GET /
2025-09-04 12:12:34 [http-nio-8080-exec-1] DEBUG o.s.s.w.a.AnonymousAuthenticationFilter - Set SecurityContextHolder to anonymous SecurityContext
2025-09-04 12:12:34 [http-nio-8080-exec-1] DEBUG o.s.security.web.FilterChainProxy - Secured GET /
2025-09-04 12:12:34 [http-nio-8080-exec-2] DEBUG o.s.security.web.FilterChainProxy - Securing GET /js/app.js
2025-09-04 12:12:34 [http-nio-8080-exec-3] DEBUG o.s.security.web.FilterChainProxy - Securing GET /css/custom.css
2025-09-04 12:12:34 [http-nio-8080-exec-2] DEBUG o.s.s.w.a.AnonymousAuthenticationFilter - Set SecurityContextHolder to anonymous SecurityContext
2025-09-04 12:12:34 [http-nio-8080-exec-2] DEBUG o.s.security.web.FilterChainProxy - Secured GET /js/app.js
2025-09-04 12:12:34 [http-nio-8080-exec-3] DEBUG o.s.s.w.a.AnonymousAuthenticationFilter - Set SecurityContextHolder to anonymous SecurityContext
2025-09-04 12:12:34 [http-nio-8080-exec-3] DEBUG o.s.security.web.FilterChainProxy - Secured GET /css/custom.css
2025-09-04 12:12:34 [http-nio-8080-exec-4] DEBUG o.s.security.web.FilterChainProxy - Securing GET /.well-known/appspecific/com.chrome.devtools.json
2025-09-04 12:12:34 [http-nio-8080-exec-4] DEBUG o.s.s.w.a.AnonymousAuthenticationFilter - Set SecurityContextHolder to anonymous SecurityContext
2025-09-04 12:12:34 [http-nio-8080-exec-4] DEBUG o.s.security.web.FilterChainProxy - Secured GET /.well-known/appspecific/com.chrome.devtools.json
2025-09-04 12:12:34 [http-nio-8080-exec-3] DEBUG o.s.security.web.FilterChainProxy - Securing GET /error
2025-09-04 12:12:34 [http-nio-8080-exec-3] DEBUG o.s.security.web.FilterChainProxy - Secured GET /error
2025-09-04 12:12:34 [http-nio-8080-exec-3] DEBUG o.s.s.w.a.AnonymousAuthenticationFilter - Set SecurityContextHolder to anonymous SecurityContext
2025-09-04 12:12:34 [http-nio-8080-exec-4] DEBUG o.s.security.web.FilterChainProxy - Securing GET /error
2025-09-04 12:12:34 [http-nio-8080-exec-4] DEBUG o.s.security.web.FilterChainProxy - Secured GET /error
2025-09-04 12:12:34 [http-nio-8080-exec-4] DEBUG o.s.s.w.a.AnonymousAuthenticationFilter - Set SecurityContextHolder to anonymous SecurityContext
2025-09-04 12:12:50 [http-nio-8080-exec-5] DEBUG o.s.security.web.FilterChainProxy - Securing POST /api/qr/generate
2025-09-04 12:12:50 [http-nio-8080-exec-5] DEBUG o.s.s.w.a.AnonymousAuthenticationFilter - Set SecurityContextHolder to anonymous SecurityContext
2025-09-04 12:12:50 [http-nio-8080-exec-5] DEBUG o.s.security.web.FilterChainProxy - Secured POST /api/qr/generate
2025-09-04 12:14:56 [http-nio-8080-exec-8] DEBUG o.s.security.web.FilterChainProxy - Securing GET /
2025-09-04 12:14:56 [http-nio-8080-exec-8] DEBUG o.s.s.w.a.AnonymousAuthenticationFilter - Set SecurityContextHolder to anonymous SecurityContext
2025-09-04 12:14:56 [http-nio-8080-exec-8] DEBUG o.s.security.web.FilterChainProxy - Secured GET /
2025-09-04 12:14:56 [http-nio-8080-exec-10] DEBUG o.s.security.web.FilterChainProxy - Securing GET /js/app.js
2025-09-04 12:14:56 [http-nio-8080-exec-1] DEBUG o.s.security.web.FilterChainProxy - Securing GET /.well-known/appspecific/com.chrome.devtools.json
2025-09-04 12:14:56 [http-nio-8080-exec-10] DEBUG o.s.s.w.a.AnonymousAuthenticationFilter - Set SecurityContextHolder to anonymous SecurityContext
2025-09-04 12:14:56 [http-nio-8080-exec-1] DEBUG o.s.s.w.a.AnonymousAuthenticationFilter - Set SecurityContextHolder to anonymous SecurityContext
2025-09-04 12:14:56 [http-nio-8080-exec-9] DEBUG o.s.security.web.FilterChainProxy - Securing GET /css/custom.css
2025-09-04 12:14:56 [http-nio-8080-exec-10] DEBUG o.s.security.web.FilterChainProxy - Secured GET /js/app.js
2025-09-04 12:14:56 [http-nio-8080-exec-1] DEBUG o.s.security.web.FilterChainProxy - Secured GET /.well-known/appspecific/com.chrome.devtools.json
2025-09-04 12:14:56 [http-nio-8080-exec-9] DEBUG o.s.s.w.a.AnonymousAuthenticationFilter - Set SecurityContextHolder to anonymous SecurityContext
2025-09-04 12:14:56 [http-nio-8080-exec-9] DEBUG o.s.security.web.FilterChainProxy - Secured GET /css/custom.css
2025-09-04 12:14:56 [http-nio-8080-exec-1] DEBUG o.s.security.web.FilterChainProxy - Securing GET /error
2025-09-04 12:14:56 [http-nio-8080-exec-1] DEBUG o.s.security.web.FilterChainProxy - Secured GET /error
2025-09-04 12:14:56 [http-nio-8080-exec-9] DEBUG o.s.security.web.FilterChainProxy - Securing GET /error
2025-09-04 12:14:56 [http-nio-8080-exec-9] DEBUG o.s.security.web.FilterChainProxy - Secured GET /error
2025-09-04 12:14:56 [http-nio-8080-exec-1] DEBUG o.s.s.w.a.AnonymousAuthenticationFilter - Set SecurityContextHolder to anonymous SecurityContext
2025-09-04 12:14:56 [http-nio-8080-exec-9] DEBUG o.s.s.w.a.AnonymousAuthenticationFilter - Set SecurityContextHolder to anonymous SecurityContext
2025-09-04 12:15:23 [http-nio-8080-exec-2] DEBUG o.s.security.web.FilterChainProxy - Securing POST /api/qr/generate
2025-09-04 12:15:23 [http-nio-8080-exec-2] DEBUG o.s.s.w.a.AnonymousAuthenticationFilter - Set SecurityContextHolder to anonymous SecurityContext
2025-09-04 12:15:23 [http-nio-8080-exec-2] DEBUG o.s.security.web.FilterChainProxy - Secured POST /api/qr/generate
2025-09-04 12:45:09 [main] INFO  com.healthcare.MinimalApp - Starting MinimalApp using Java 17.0.9 with PID 71018 (/Users/pereozogu/healthcare-qr-sharing/target/classes started by pereozogu in /Users/pereozogu/healthcare-qr-sharing)
2025-09-04 12:45:09 [main] DEBUG com.healthcare.MinimalApp - Running with Spring Boot v3.1.12, Spring v6.0.21
2025-09-04 12:45:09 [main] INFO  com.healthcare.MinimalApp - No active profile set, falling back to 1 default profile: "default"
2025-09-04 12:45:10 [main] INFO  o.s.b.w.e.tomcat.TomcatWebServer - Tomcat initialized with port(s): 8080 (http)
2025-09-04 12:45:10 [main] INFO  o.a.catalina.core.StandardService - Starting service [Tomcat]
2025-09-04 12:45:10 [main] INFO  o.a.catalina.core.StandardEngine - Starting Servlet engine: [Apache Tomcat/10.1.24]
2025-09-04 12:45:10 [main] INFO  o.a.c.c.C.[Tomcat].[localhost].[/] - Initializing Spring embedded WebApplicationContext
2025-09-04 12:45:10 [main] INFO  o.s.b.w.s.c.ServletWebServerApplicationContext - Root WebApplicationContext: initialization completed in 968 ms
2025-09-04 12:45:11 [main] INFO  o.s.b.a.w.s.WelcomePageHandlerMapping - Adding welcome page template: index
2025-09-04 12:45:11 [main] INFO  o.s.s.web.DefaultSecurityFilterChain - Will secure any request with [org.springframework.security.web.session.DisableEncodeUrlFilter@10e5bf9c, org.springframework.security.web.context.request.async.WebAsyncManagerIntegrationFilter@68c9e023, org.springframework.security.web.context.SecurityContextHolderFilter@220c9a63, org.springframework.security.web.header.HeaderWriterFilter@62cba181, org.springframework.web.filter.CorsFilter@1624775, org.springframework.security.web.authentication.logout.LogoutFilter@9ab310b, org.springframework.security.web.savedrequest.RequestCacheAwareFilter@40bb4f87, org.springframework.security.web.servletapi.SecurityContextHolderAwareRequestFilter@7645f03e, org.springframework.security.web.authentication.AnonymousAuthenticationFilter@1e7f19b4, org.springframework.security.web.session.SessionManagementFilter@66223d94, org.springframework.security.web.access.ExceptionTranslationFilter@6f825516, org.springframework.security.web.access.intercept.AuthorizationFilter@161dd92a]
2025-09-04 12:45:11 [main] INFO  o.s.b.w.e.tomcat.TomcatWebServer - Tomcat started on port(s): 8080 (http) with context path ''
2025-09-04 12:45:11 [main] INFO  com.healthcare.MinimalApp - Started MinimalApp in 1.827 seconds (process running for 2.17)
2025-09-04 12:45:59 [http-nio-8080-exec-1] INFO  o.a.c.c.C.[Tomcat].[localhost].[/] - Initializing Spring DispatcherServlet 'dispatcherServlet'
2025-09-04 12:45:59 [http-nio-8080-exec-1] INFO  o.s.web.servlet.DispatcherServlet - Initializing Servlet 'dispatcherServlet'
2025-09-04 12:45:59 [http-nio-8080-exec-1] INFO  o.s.web.servlet.DispatcherServlet - Completed initialization in 3 ms
2025-09-04 12:46:00 [http-nio-8080-exec-1] DEBUG o.s.security.web.FilterChainProxy - Securing GET /
2025-09-04 12:46:00 [http-nio-8080-exec-1] DEBUG o.s.s.w.a.AnonymousAuthenticationFilter - Set SecurityContextHolder to anonymous SecurityContext
2025-09-04 12:46:00 [http-nio-8080-exec-1] DEBUG o.s.security.web.FilterChainProxy - Secured GET /
2025-09-04 12:46:00 [http-nio-8080-exec-3] DEBUG o.s.security.web.FilterChainProxy - Securing GET /js/app.js
2025-09-04 12:46:00 [http-nio-8080-exec-2] DEBUG o.s.security.web.FilterChainProxy - Securing GET /css/custom.css
2025-09-04 12:46:00 [http-nio-8080-exec-4] DEBUG o.s.security.web.FilterChainProxy - Securing GET /.well-known/appspecific/com.chrome.devtools.json
2025-09-04 12:46:00 [http-nio-8080-exec-4] DEBUG o.s.s.w.a.AnonymousAuthenticationFilter - Set SecurityContextHolder to anonymous SecurityContext
2025-09-04 12:46:00 [http-nio-8080-exec-3] DEBUG o.s.s.w.a.AnonymousAuthenticationFilter - Set SecurityContextHolder to anonymous SecurityContext
2025-09-04 12:46:00 [http-nio-8080-exec-2] DEBUG o.s.s.w.a.AnonymousAuthenticationFilter - Set SecurityContextHolder to anonymous SecurityContext
2025-09-04 12:46:00 [http-nio-8080-exec-4] DEBUG o.s.security.web.FilterChainProxy - Secured GET /.well-known/appspecific/com.chrome.devtools.json
2025-09-04 12:46:00 [http-nio-8080-exec-3] DEBUG o.s.security.web.FilterChainProxy - Secured GET /js/app.js
2025-09-04 12:46:00 [http-nio-8080-exec-2] DEBUG o.s.security.web.FilterChainProxy - Secured GET /css/custom.css
2025-09-04 12:46:00 [http-nio-8080-exec-4] DEBUG o.s.security.web.FilterChainProxy - Securing GET /error
2025-09-04 12:46:00 [http-nio-8080-exec-2] DEBUG o.s.security.web.FilterChainProxy - Securing GET /error
2025-09-04 12:46:00 [http-nio-8080-exec-2] DEBUG o.s.security.web.FilterChainProxy - Secured GET /error
2025-09-04 12:46:00 [http-nio-8080-exec-4] DEBUG o.s.security.web.FilterChainProxy - Secured GET /error
2025-09-04 12:46:00 [http-nio-8080-exec-4] DEBUG o.s.s.w.a.AnonymousAuthenticationFilter - Set SecurityContextHolder to anonymous SecurityContext
2025-09-04 12:46:00 [http-nio-8080-exec-2] DEBUG o.s.s.w.a.AnonymousAuthenticationFilter - Set SecurityContextHolder to anonymous SecurityContext
2025-09-04 12:46:17 [http-nio-8080-exec-5] DEBUG o.s.security.web.FilterChainProxy - Securing POST /api/qr/generate
2025-09-04 12:46:17 [http-nio-8080-exec-5] DEBUG o.s.s.w.a.AnonymousAuthenticationFilter - Set SecurityContextHolder to anonymous SecurityContext
2025-09-04 12:46:17 [http-nio-8080-exec-5] DEBUG o.s.security.web.FilterChainProxy - Secured POST /api/qr/generate
